DrinkingApp/app/build/intermediates/manifest_merge_blame_file/debug/manifest-merger-blame-debug-report.txt
1<?xml version="1.0" encoding="utf-8"?>
2<manifest xmlns:android="http://schemas.android.com/apk/res/android"
3    package="com.example.drinkingapp"
4    android:versionCode="1"
5    android:versionName="1.0" >
6
7    <uses-sdk
8        android:minSdkVersion="28"
8-->src\main\AndroidManifest.xml
9        android:targetSdkVersion="33" />
9-->src\main\AndroidManifest.xml
10
11    <!-- Although the *SdkVersion is captured in gradle build files, this is required for non gradle builds -->
12    <!-- <uses-sdk android:minSdkVersion="14"/> -->
13    <uses-permission android:name="android.permission.ACCESS_NETWORK_STATE" />
13-->[com.google.firebase:firebase-database:20.1.0] AndroidManifest.xml:24:5-79
13-->[com.google.firebase:firebase-database:20.1.0] AndroidManifest.xml:24:22-76
14    <uses-permission android:name="android.permission.INTERNET" />
14-->[com.google.firebase:firebase-database:20.1.0] AndroidManifest.xml:25:5-67
14-->[com.google.firebase:firebase-database:20.1.0] AndroidManifest.xml:25:22-64
15
16    <application
16-->src\main\AndroidManifest.xml:5:5-30:19
17        android:allowBackup="true"
17-->src\main\AndroidManifest.xml:6:9-35
18        android:appComponentFactory="androidx.core.app.CoreComponentFactory"
18-->[androidx.core:core:1.8.0] AndroidManifest.xml:24:18-86
19        android:dataExtractionRules="@xml/data_extraction_rules"
19-->src\main\AndroidManifest.xml:7:9-65
20        android:debuggable="true"
21        android:extractNativeLibs="false"
22        android:fullBackupContent="@xml/backup_rules"
22-->src\main\AndroidManifest.xml:8:9-54
23        android:icon="@mipmap/ic_launcher"
23-->src\main\AndroidManifest.xml:9:9-43
24        android:label="@string/app_name"
24-->src\main\AndroidManifest.xml:10:9-41
25        android:roundIcon="@mipmap/ic_launcher_round"
25-->src\main\AndroidManifest.xml:11:9-54
26        android:supportsRtl="true"
26-->src\main\AndroidManifest.xml:12:9-35
27        android:theme="@style/Theme.DrinkingApp" >
27-->src\main\AndroidManifest.xml:13:9-49
28        <activity
28-->src\main\AndroidManifest.xml:15:9-29:20
29            android:name="com.example.drinkingapp.MainActivity"
29-->src\main\AndroidManifest.xml:16:13-41
30            android:exported="true"
30-->src\main\AndroidManifest.xml:17:13-36
31            android:label="@string/app_name"
31-->src\main\AndroidManifest.xml:18:13-45
32            android:theme="@style/Theme.DrinkingApp" >
32-->src\main\AndroidManifest.xml:19:13-53
33            <intent-filter>
33-->src\main\AndroidManifest.xml:20:13-24:29
34                <action android:name="android.intent.action.MAIN" />
34-->src\main\AndroidManifest.xml:21:17-69
34-->src\main\AndroidManifest.xml:21:25-66
35
36                <category android:name="android.intent.category.LAUNCHER" />
36-->src\main\AndroidManifest.xml:23:17-77
36-->src\main\AndroidManifest.xml:23:27-74
37            </intent-filter>
38
39            <meta-data
39-->src\main\AndroidManifest.xml:26:13-28:36
40                android:name="android.app.lib_name"
40-->src\main\AndroidManifest.xml:27:17-52
41                android:value="" />
41-->src\main\AndroidManifest.xml:28:17-33
42        </activity>
43        <activity
43-->[androidx.compose.ui:ui-tooling:1.3.3] AndroidManifest.xml:23:9-25:39
44            android:name="androidx.compose.ui.tooling.PreviewActivity"
44-->[androidx.compose.ui:ui-tooling:1.3.3] AndroidManifest.xml:24:13-71
45            android:exported="true" />
45-->[androidx.compose.ui:ui-tooling:1.3.3] AndroidManifest.xml:25:13-36
46
47        <service
47-->[com.google.firebase:firebase-database-ktx:20.1.0] AndroidManifest.xml:11:9-17:19
48            android:name="com.google.firebase.components.ComponentDiscoveryService"
48-->[com.google.firebase:firebase-database-ktx:20.1.0] AndroidManifest.xml:12:13-84
49            android:directBootAware="true"
49-->[com.google.firebase:firebase-common:20.3.0] AndroidManifest.xml:34:13-43
50            android:exported="false" >
50-->[com.google.firebase:firebase-database-ktx:20.1.0] AndroidManifest.xml:13:13-37
51            <meta-data
51-->[com.google.firebase:firebase-database-ktx:20.1.0] AndroidManifest.xml:14:13-16:85
52                android:name="com.google.firebase.components:com.google.firebase.database.ktx.FirebaseDatabaseKtxRegistrar"
52-->[com.google.firebase:firebase-database-ktx:20.1.0] AndroidManifest.xml:15:17-124
53                android:value="com.google.firebase.components.ComponentRegistrar" />
53-->[com.google.firebase:firebase-database-ktx:20.1.0] AndroidManifest.xml:16:17-82
54            <meta-data
54-->[com.google.firebase:firebase-common-ktx:20.3.0] AndroidManifest.xml:14:13-16:85
55                android:name="com.google.firebase.components:com.google.firebase.ktx.FirebaseCommonKtxRegistrar"
55-->[com.google.firebase:firebase-common-ktx:20.3.0] AndroidManifest.xml:15:17-113
56                android:value="com.google.firebase.components.ComponentRegistrar" />
56-->[com.google.firebase:firebase-common-ktx:20.3.0] AndroidManifest.xml:16:17-82
57            <meta-data
57-->[com.google.firebase:firebase-database:20.1.0] AndroidManifest.xml:31:13-33:85
58                android:name="com.google.firebase.components:com.google.firebase.database.DatabaseRegistrar"
58-->[com.google.firebase:firebase-database:20.1.0] AndroidManifest.xml:32:17-109
59                android:value="com.google.firebase.components.ComponentRegistrar" />
59-->[com.google.firebase:firebase-database:20.1.0] AndroidManifest.xml:33:17-82
60        </service>
61
62        <activity
62-->[androidx.compose.ui:ui-test-manifest:1.3.3] AndroidManifest.xml:23:9-25:39
63            android:name="androidx.activity.ComponentActivity"
63-->[androidx.compose.ui:ui-test-manifest:1.3.3] AndroidManifest.xml:24:13-63
64            android:exported="true" />
64-->[androidx.compose.ui:ui-test-manifest:1.3.3] AndroidManifest.xml:25:13-36
65
66        <provider
66-->[com.google.firebase:firebase-common:20.3.0] AndroidManifest.xml:25:9-30:39
67            android:name="com.google.firebase.provider.FirebaseInitProvider"
67-->[com.google.firebase:firebase-common:20.3.0] AndroidManifest.xml:26:13-77
68            android:authorities="com.example.drinkingapp.firebaseinitprovider"
68-->[com.google.firebase:firebase-common:20.3.0] AndroidManifest.xml:27:13-72
69            android:directBootAware="true"
69-->[com.google.firebase:firebase-common:20.3.0] AndroidManifest.xml:28:13-43
70            android:exported="false"
70-->[com.google.firebase:firebase-common:20.3.0] AndroidManifest.xml:29:13-37
71            android:initOrder="100" />
71-->[com.google.firebase:firebase-common:20.3.0] AndroidManifest.xml:30:13-36
72
73        <activity
73-->[com.google.android.gms:play-services-base:18.0.1] AndroidManifest.xml:20:9-22:45
74            android:name="com.google.android.gms.common.api.GoogleApiActivity"
74-->[com.google.android.gms:play-services-base:18.0.1] AndroidManifest.xml:20:19-85
75            android:exported="false"
75-->[com.google.android.gms:play-services-base:18.0.1] AndroidManifest.xml:22:19-43
76            android:theme="@android:style/Theme.Translucent.NoTitleBar" />
76-->[com.google.android.gms:play-services-base:18.0.1] AndroidManifest.xml:21:19-78
77
78        <meta-data
78-->[com.google.android.gms:play-services-basement:18.1.0] AndroidManifest.xml:21:9-23:69
79            android:name="com.google.android.gms.version"
79-->[com.google.android.gms:play-services-basement:18.1.0] AndroidManifest.xml:22:13-58
80            android:value="@integer/google_play_services_version" />
80-->[com.google.android.gms:play-services-basement:18.1.0] AndroidManifest.xml:23:13-66
81
82        <provider
82-->[androidx.profileinstaller:profileinstaller:1.2.0] AndroidManifest.xml:25:9-33:20
83            android:name="androidx.startup.InitializationProvider"
83-->[androidx.profileinstaller:profileinstaller:1.2.0] AndroidManifest.xml:26:13-67
84            android:authorities="com.example.drinkingapp.androidx-startup"
84-->[androidx.profileinstaller:profileinstaller:1.2.0] AndroidManifest.xml:27:13-68
85            android:exported="false" >
85-->[androidx.profileinstaller:profileinstaller:1.2.0] AndroidManifest.xml:28:13-37
86            <meta-data
86-->[androidx.profileinstaller:profileinstaller:1.2.0] AndroidManifest.xml:30:13-32:52
87                android:name="androidx.profileinstaller.ProfileInstallerInitializer"
87-->[androidx.profileinstaller:profileinstaller:1.2.0] AndroidManifest.xml:31:17-85
88                android:value="androidx.startup" />
88-->[androidx.profileinstaller:profileinstaller:1.2.0] AndroidManifest.xml:32:17-49
89        </provider>
90
91        <receiver
91-->[androidx.profileinstaller:profileinstaller:1.2.0] AndroidManifest.xml:35:9-47:20
92            android:name="androidx.profileinstaller.ProfileInstallReceiver"
92-->[androidx.profileinstaller:profileinstaller:1.2.0] AndroidManifest.xml:36:13-76
93            android:directBootAware="false"
93-->[androidx.profileinstaller:profileinstaller:1.2.0] AndroidManifest.xml:37:13-44
94            android:enabled="true"
94-->[androidx.profileinstaller:profileinstaller:1.2.0] AndroidManifest.xml:38:13-35
95            android:exported="true"
95-->[androidx.profileinstaller:profileinstaller:1.2.0] AndroidManifest.xml:39:13-36
96            android:permission="android.permission.DUMP" >
96-->[androidx.profileinstaller:profileinstaller:1.2.0] AndroidManifest.xml:40:13-57
97            <intent-filter>
97-->[androidx.profileinstaller:profileinstaller:1.2.0] AndroidManifest.xml:41:13-43:29
98                <action android:name="androidx.profileinstaller.action.INSTALL_PROFILE" />
98-->[androidx.profileinstaller:profileinstaller:1.2.0] AndroidManifest.xml:42:17-91
98-->[androidx.profileinstaller:profileinstaller:1.2.0] AndroidManifest.xml:42:25-88
99            </intent-filter>
100            <intent-filter>
100-->[androidx.profileinstaller:profileinstaller:1.2.0] AndroidManifest.xml:44:13-46:29
101                <action android:name="androidx.profileinstaller.action.SKIP_FILE" />
101-->[androidx.profileinstaller:profileinstaller:1.2.0] AndroidManifest.xml:45:17-85
101-->[androidx.profileinstaller:profileinstaller:1.2.0] AndroidManifest.xml:45:25-82
102            </intent-filter>
103        </receiver>
104    </application>
105
106</manifest>